Benjamin Armstrong 88.67
Matthew Sheldon 93.00
Derrick Martin 80.00
**********
William Armstrong 90.00
AppleBottom Jeans 85.00
**********
Benjamin Armstrong 88.67
Matthew Sheldon 93.00
Derrick Martin 80.00
William Armstrong 90.00
AppleBottom Jeans 85.00
**********
E E 91.00
B B 91.00
C C 91.00
D D 91.00
A A 91.00
**********
D D 92.00
C C 91.67
A A 91.00
B B 93.33
E E 91.00
**********
B B 88.33
C C 86.67
E E 85.67
A A 85.00
D D 85.00
**********
F F 60.00
B B 88.33
C C 86.67
E E 85.67
D D 85.00
**********
L L 100.00
D D 56.67
H H 60.00
F F 60.00
G G 60.00
A A 60.00
K K 100.00
M M 100.00
N M 144.67
N N 11.00
J J 80.00
B B 53.33
I I 63.33
E E 110.00
C C 53.33
**********
Free Willy 100.00
**********
B A 100.00
A B 100.00
**********
