Happy Valentine's Day to the World's Greatest CompSci Judges!!! 
Valentine's Day to the World's Greatest CompSci Judges!!! Happy 
Day to the World's Greatest CompSci Judges!!! Happy Valentine's 
to the World's Greatest CompSci Judges!!! Happy Valentine's Day 
the World's Greatest CompSci Judges!!! Happy Valentine's Day to 
World's Greatest CompSci Judges!!! Happy Valentine's Day to the 
Greatest CompSci Judges!!! Happy Valentine's Day to the World's 
CompSci Judges!!! Happy Valentine's Day to the World's Greatest 
Judges!!! Happy Valentine's Day to the World's Greatest CompSci 
Happy Valentine's Day to the World's Greatest CompSci Judges!!! 
Valentine's Day to the World's Greatest CompSci Judges!!! Happy 
Day to the World's Greatest CompSci Judges!!! Happy Valentine's 
to the World's Greatest CompSci Judges!!! Happy Valentine's Day 
the World's Greatest CompSci Judges!!! Happy Valentine's Day to 
World's Greatest CompSci Judges!!! Happy Valentine's Day to the 
Greatest CompSci Judges!!! Happy Valentine's Day to the World's 
CompSci Judges!!! Happy Valentine's Day to the World's Greatest 
Judges!!! Happy Valentine's Day to the World's Greatest CompSci 
Happy Valentine's Day to the World's Greatest CompSci Judges!!! 
Valentine's Day to the World's Greatest CompSci Judges!!! Happy 
Day to the World's Greatest CompSci Judges!!! Happy Valentine's 
to the World's Greatest CompSci Judges!!! Happy Valentine's Day 
the World's Greatest CompSci Judges!!! Happy Valentine's Day to 
World's Greatest CompSci Judges!!! Happy Valentine's Day to the 
Greatest CompSci Judges!!! Happy Valentine's Day to the World's 
CompSci Judges!!! Happy Valentine's Day to the World's Greatest 
Judges!!! Happy Valentine's Day to the World's Greatest CompSci 
Happy Valentine's Day to the World's Greatest CompSci Judges!!! 
