INVOICE FOR: Mr.Miller
---------------------------
Hoodie (M)       $  30.00
TShirt (XL)      $  17.50
Hoodie (XL)      $  32.50
---------------------------
Total Due:       $  80.00

INVOICE FOR: Ms.Garcia
---------------------------
TShirt (S)       $  15.00
TShirt (M)       $  15.00
---------------------------
Total Due:       $  30.00

INVOICE FOR: Mr.Tanaka
---------------------------
TShirt (M)       $  15.00
TShirt (XXL)     $  17.50
TShirt (M)       $  15.00
Hoodie (XL)      $  32.50
TShirt (M)       $  15.00
TShirt (M)       $  15.00
TShirt (S)       $  15.00
---------------------------
Total Due:       $ 125.00

INVOICE FOR: Mr.Dubois
---------------------------
TShirt (M)       $  15.00
TShirt (S)       $  15.00
Hoodie (XL)      $  32.50
Hoodie (L)       $  30.00
Hoodie (XL)      $  32.50
Hoodie (L)       $  30.00
TShirt (XL)      $  17.50
---------------------------
Total Due:       $ 172.50

INVOICE FOR: Ms.Okafor
---------------------------
TShirt (XL)      $  17.50
TShirt (M)       $  15.00
Hoodie (XXL)     $  32.50
TShirt (L)       $  15.00
---------------------------
Total Due:       $  80.00

INVOICE FOR: Mr.Patel
---------------------------
TShirt (L)       $  15.00
TShirt (M)       $  15.00
TShirt (L)       $  15.00
TShirt (L)       $  15.00
Hoodie (S)       $  30.00
---------------------------
Total Due:       $  90.00

INVOICE FOR: Mr.Garcia
---------------------------
TShirt (L)       $  15.00
Hoodie (S)       $  30.00
TShirt (M)       $  15.00
TShirt (XL)      $  17.50
Hoodie (S)       $  30.00
TShirt (S)       $  15.00
Hoodie (XXL)     $  32.50
TShirt (XL)      $  17.50
---------------------------
Total Due:       $ 172.50

INVOICE FOR: Ms.Kowalski
---------------------------
Hoodie (XL)      $  32.50
TShirt (XXL)     $  17.50
Hoodie (XXL)     $  32.50
Hoodie (S)       $  30.00
Hoodie (L)       $  30.00
TShirt (XXL)     $  17.50
Hoodie (L)       $  30.00
TShirt (S)       $  15.00
TShirt (XL)      $  17.50
---------------------------
Total Due:       $ 222.50

INVOICE FOR: Ms.Kim
---------------------------
Hoodie (XXL)     $  32.50
TShirt (S)       $  15.00
TShirt (M)       $  15.00
TShirt (S)       $  15.00
TShirt (XL)      $  17.50
TShirt (XXL)     $  17.50
Hoodie (XL)      $  32.50
Hoodie (XL)      $  32.50
---------------------------
Total Due:       $ 177.50

INVOICE FOR: Mr.Haddad
---------------------------
TShirt (L)       $  15.00
Hoodie (L)       $  30.00
TShirt (L)       $  15.00
TShirt (XL)      $  17.50
Hoodie (XL)      $  32.50
Hoodie (XL)      $  32.50
TShirt (XL)      $  17.50
TShirt (XXL)     $  17.50
---------------------------
Total Due:       $ 177.50

INVOICE FOR: Mr.Rossi
---------------------------
Hoodie (XL)      $  32.50
Hoodie (M)       $  30.00
---------------------------
Total Due:       $  62.50

INVOICE FOR: Ms.Silva
---------------------------
Hoodie (L)       $  30.00
Hoodie (XL)      $  32.50
Hoodie (XXL)     $  32.50
TShirt (XXL)     $  17.50
Hoodie (S)       $  30.00
TShirt (XXL)     $  17.50
---------------------------
Total Due:       $ 160.00

INVOICE FOR: Ms.Ivanov
---------------------------
TShirt (XL)      $  17.50
Hoodie (S)       $  30.00
TShirt (L)       $  15.00
TShirt (XL)      $  17.50
TShirt (XXL)     $  17.50
---------------------------
Total Due:       $  97.50

INVOICE FOR: Ms.Chen
---------------------------
TShirt (M)       $  15.00
TShirt (S)       $  15.00
Hoodie (XL)      $  32.50
Hoodie (XL)      $  32.50
TShirt (L)       $  15.00
TShirt (XXL)     $  17.50
TShirt (S)       $  15.00
Hoodie (L)       $  30.00
TShirt (S)       $  15.00
TShirt (XXL)     $  17.50
---------------------------
Total Due:       $ 205.00

INVOICE FOR: Ms.Abdi
---------------------------
TShirt (XL)      $  17.50
Hoodie (XL)      $  32.50
Hoodie (S)       $  30.00
TShirt (S)       $  15.00
Hoodie (XXL)     $  32.50
Hoodie (M)       $  30.00
TShirt (XXL)     $  17.50
TShirt (XL)      $  17.50
TShirt (M)       $  15.00
---------------------------
Total Due:       $ 207.50

INVOICE FOR: Ms.Muller
---------------------------
Hoodie (M)       $  30.00
Hoodie (M)       $  30.00
Hoodie (L)       $  30.00
TShirt (XL)      $  17.50
Hoodie (XL)      $  32.50
Hoodie (M)       $  30.00
TShirt (XL)      $  17.50
Hoodie (XL)      $  32.50
TShirt (M)       $  15.00
---------------------------
Total Due:       $ 235.00

INVOICE FOR: Ms.Cohen
---------------------------
Hoodie (XL)      $  32.50
Hoodie (XL)      $  32.50
TShirt (XL)      $  17.50
TShirt (XL)      $  17.50
Hoodie (M)       $  30.00
TShirt (L)       $  15.00
Hoodie (S)       $  30.00
TShirt (XL)      $  17.50
TShirt (XXL)     $  17.50
TShirt (S)       $  15.00
---------------------------
Total Due:       $ 225.00
