TRADE 3 1 100 7
TRADE 4 1 100 3
TRADE 4 2 101 5

TRADE 1 2 50 30
TRADE 4 3 50 10

TRADE 2 1 100 5
TRADE 2 1 100 2
TRADE 3 1 100 3
TRADE 4 1 100 5
TRADE 4 1 100 1
TRADE 6 1 100 4
TRADE 6 5 100 2


TRADE 1 2 100 10

TRADE 4 1 100 5
TRADE 4 2 101 5
TRADE 4 3 102 2

TRADE 4 1 100 10
TRADE 4 2 100 10
TRADE 4 3 100 5

TRADE 2 1 100 5

TRADE 2 1 100 10

TRADE 2 1 100 5

TRADE 2 1 100 5
TRADE 2 1 100 5
TRADE 2 1 100 5

TRADE 2 1 100 5
TRADE 2 1 100 1
TRADE 3 1 100 4
TRADE 3 1 100 2
TRADE 4 1 100 3
TRADE 4 1 100 3
TRADE 5 1 100 2
TRADE 5 1 100 4
TRADE 6 1 100 1

TRADE 3 1 100 3
TRADE 3 2 100 1
TRADE 4 2 100 4
TRADE 4 1 100 3
TRADE 4 1 100 3

TRADE 1 2 100 4
TRADE 1 2 100 1
TRADE 1 3 100 3
TRADE 1 3 100 2
TRADE 1 4 100 2
TRADE 1 4 100 4
TRADE 1 4 100 4

TRADE 3 1 100 3
TRADE 3 2 100 4
TRADE 3 1 100 3
TRADE 3 2 100 4
TRADE 3 1 100 3
TRADE 3 2 100 3

TRADE 2 1 100 5
TRADE 3 1 100 5

TRADE 3 6 100 10
TRADE 2 7 99 10

TRADE 6 1 100 5
TRADE 6 2 101 5
TRADE 6 3 102 5
TRADE 6 4 103 5
TRADE 6 5 104 5

TRADE 1 6 104 5
TRADE 2 6 103 5
TRADE 3 6 102 5
TRADE 4 6 101 5
TRADE 5 6 100 5

TRADE 3 4 107 41
TRADE 2 4 103 7
TRADE 7 8 104 1
TRADE 7 8 104 1
TRADE 7 8 104 1
TRADE 7 8 104 1
TRADE 7 8 104 1
TRADE 7 8 104 1
TRADE 7 8 104 1
TRADE 7 8 104 1
TRADE 7 8 104 1
TRADE 7 8 104 1
TRADE 10 9 108 12
TRADE 7 11 104 2
TRADE 7 11 104 2
TRADE 7 11 104 2
TRADE 7 11 104 2
TRADE 7 11 104 2
TRADE 7 11 104 2
TRADE 7 11 104 2
TRADE 7 11 104 1
TRADE 12 13 107 9
TRADE 12 17 107 1
TRADE 7 18 104 1
TRADE 16 18 104 6
TRADE 7 18 104 2
TRADE 7 18 104 2
TRADE 7 18 104 2
TRADE 7 18 104 2
TRADE 7 18 104 2
TRADE 7 18 104 2
TRADE 7 18 104 2
TRADE 7 18 104 2
TRADE 7 18 104 2
TRADE 7 18 104 2
TRADE 7 18 104 2
TRADE 7 18 104 2
TRADE 7 19 104 2
TRADE 7 19 104 1
TRADE 2 19 103 5
TRADE 5 19 103 65
TRADE 2 19 103 12
TRADE 5 19 103 5
TRADE 5 19 103 4
TRADE 20 24 105 11
TRADE 23 24 105 12
TRADE 5 24 103 10
TRADE 2 24 103 6
TRADE 15 24 100 4
TRADE 21 29 96 6
TRADE 21 29 96 6
TRADE 21 29 96 6
TRADE 21 29 96 6
TRADE 21 29 96 6
TRADE 25 31 95 2
TRADE 26 31 95 12
TRADE 28 31 93 3
TRADE 34 29 96 18
TRADE 34 27 97 8
TRADE 36 27 97 2
TRADE 28 38 93 2
TRADE 6 38 92 2
TRADE 6 38 92 2
TRADE 6 38 92 2
TRADE 6 38 92 2
TRADE 6 38 92 2
TRADE 6 38 92 1
TRADE 39 27 97 14
TRADE 39 27 97 3
TRADE 42 35 99 15
TRADE 44 35 99 21
TRADE 44 35 99 12
TRADE 44 30 100 9
TRADE 44 30 100 18
TRADE 45 30 100 10
TRADE 45 40 102 9
TRADE 45 40 102 1
TRADE 45 40 102 9
TRADE 39 50 98 11
TRADE 39 50 98 14
TRADE 39 50 98 5
TRADE 54 46 101 11
TRADE 54 55 102 26
TRADE 53 55 100 14
TRADE 53 56 100 7
TRADE 57 56 99 4
TRADE 59 56 99 3
TRADE 59 58 100 9
TRADE 39 61 98 7
TRADE 43 61 94 8
TRADE 6 61 92 2
TRADE 47 61 92 17
TRADE 47 61 92 5
TRADE 51 61 90 3
TRADE 63 62 92 14
TRADE 63 62 92 14
TRADE 63 62 92 8
TRADE 63 58 100 4
TRADE 64 58 100 35
TRADE 67 41 103 13
TRADE 67 48 103 7
TRADE 64 69 101 23
TRADE 64 69 101 18
TRADE 64 70 101 2
TRADE 64 72 101 20
TRADE 71 72 100 27
TRADE 73 48 103 17
TRADE 71 74 100 17
TRADE 76 48 103 10
TRADE 76 22 106 30
TRADE 83 78 102 42
TRADE 83 85 102 3
TRADE 71 85 100 22
TRADE 86 84 104 10
TRADE 86 80 105 11
TRADE 87 80 105 30
TRADE 71 89 100 15
TRADE 82 89 100 2
TRADE 82 89 100 17
TRADE 82 89 100 17
TRADE 82 89 100 11
TRADE 71 89 100 6
TRADE 71 89 100 11
TRADE 82 89 100 1
TRADE 91 90 104 15
TRADE 82 94 100 14
TRADE 68 94 96 36
TRADE 96 97 98 38
TRADE 98 97 98 2
TRADE 98 102 100 2
TRADE 98 102 100 2
TRADE 98 102 100 2
TRADE 98 102 100 2
TRADE 98 102 100 2
TRADE 98 102 100 2
TRADE 98 102 100 2
TRADE 98 102 100 2
TRADE 98 102 100 1
TRADE 110 106 101 11
TRADE 98 112 100 1
TRADE 98 112 100 2
TRADE 98 112 100 2
TRADE 98 112 100 2
TRADE 98 112 100 2
TRADE 98 112 100 2
TRADE 98 112 100 2
TRADE 98 112 100 2
TRADE 98 112 100 2
TRADE 98 112 100 2
TRADE 98 112 100 2
TRADE 98 112 100 2
TRADE 98 112 100 2
TRADE 98 112 100 2
TRADE 98 112 100 2
TRADE 98 112 100 2
TRADE 98 112 100 2
TRADE 98 112 100 2
TRADE 98 112 100 2
TRADE 98 112 100 2
TRADE 98 112 100 2
TRADE 68 112 96 9
TRADE 68 116 96 2
TRADE 77 116 96 3
TRADE 118 106 101 15
TRADE 121 106 101 17
TRADE 77 127 96 9
TRADE 77 127 96 9
TRADE 77 127 96 7
TRADE 95 127 96 2
TRADE 95 127 96 5
TRADE 95 129 96 17
TRADE 95 130 96 19
TRADE 108 130 96 12
TRADE 135 106 101 5
TRADE 135 137 101 3
TRADE 136 137 101 4
TRADE 141 90 104 22
TRADE 142 143 103 4
TRADE 136 143 101 16
TRADE 136 143 101 4
TRADE 148 145 103 2
TRADE 148 147 103 21
TRADE 148 145 103 2
TRADE 148 145 103 2
TRADE 148 145 103 2
TRADE 148 145 103 2
TRADE 148 145 103 2
TRADE 148 145 103 1
TRADE 148 145 103 1
TRADE 148 145 103 2
TRADE 148 145 103 2
TRADE 148 145 103 2
TRADE 148 145 103 2
TRADE 148 145 103 2
TRADE 148 145 103 2
TRADE 148 90 104 12
TRADE 148 99 104 9
TRADE 148 99 104 4
TRADE 150 99 104 21
TRADE 151 99 104 8
TRADE 151 146 104 37
TRADE 151 80 105 1
TRADE 151 88 105 3


TRADE 3 2 100 5

TRADE 2 1 100 10
TRADE 2 1 100 5

TRADE 2 1 100 10

TRADE 6 1 100 3
TRADE 6 2 100 3
TRADE 6 3 100 3
TRADE 6 4 100 1
